-------------------------------------------------------------------------------
Test set: vn.vieon.features.login.LoginValidStory
-------------------------------------------------------------------------------
Tests run: 1, Failures: 0, Errors: 1, Skipped: 0, Time elapsed: 0 s <<< FAILURE! - in vn.vieon.features.login.LoginValidStory
vn.vieon.features.login.LoginValidStory.initializationError  Time elapsed: 0 s  <<< ERROR!
java.lang.Exception: Test class should have exactly one public zero-argument constructor

